@echo off
REM í¬ì¼“ëª¬ í”„ë¡œì íŠ¸ ì „ì²´ í…ŒìŠ¤íŠ¸ ì‹¤í–‰ ìŠ¤í¬ë¦½íŠ¸ (Windows)

echo ğŸ§ª Starting Pokemon Math Adventure Test Suite...

REM ì˜ì¡´ì„± ì„¤ì¹˜
echo ğŸ“‚ Installing dependencies...

if exist "package.json" (
    echo Installing root dependencies...
    call npm ci
    if errorlevel 1 goto :error
)

echo Installing backend dependencies...
cd backend
call npm ci
if errorlevel 1 goto :error
cd ..

echo Installing frontend dependencies...
cd frontend
call npm ci
if errorlevel 1 goto :error
cd ..

REM ë°±ì—”ë“œ í…ŒìŠ¤íŠ¸
echo ğŸ”§ Running Backend Tests...
cd backend

echo Checking TypeScript compilation...
call npm run build
if errorlevel 1 (
    echo âŒ Backend TypeScript compilation failed
    goto :error
)
echo âœ… Backend TypeScript compilation passed

echo Running backend unit tests...
call npm test
if errorlevel 1 (
    echo âŒ Backend unit tests failed
    set BACKEND_FAILED=1
) else (
    echo âœ… Backend unit tests passed
    set BACKEND_PASSED=1
)

echo Running backend integration tests...
call npm run test:integration >nul 2>&1
if errorlevel 1 (
    echo Integration tests not configured yet
) else (
    echo âœ… Backend integration tests passed
)

echo Generating backend coverage report...
call npm run test:coverage

cd ..

REM í”„ë¡ íŠ¸ì—”ë“œ í…ŒìŠ¤íŠ¸
echo ğŸ¨ Running Frontend Tests...
cd frontend

echo Running frontend linting...
call npm run lint
if errorlevel 1 (
    echo âŒ Frontend linting failed
) else (
    echo âœ… Frontend linting passed
)

echo Checking frontend TypeScript compilation...
call npm run build
if errorlevel 1 (
    echo âŒ Frontend TypeScript compilation failed
    goto :error
)
echo âœ… Frontend TypeScript compilation passed

echo Running frontend tests...
call npm test
if errorlevel 1 (
    echo âŒ Frontend tests failed
    set FRONTEND_FAILED=1
) else (
    echo âœ… Frontend tests passed
    set FRONTEND_PASSED=1
)

echo Generating frontend coverage report...
call npm run test:coverage

cd ..

REM E2E í…ŒìŠ¤íŠ¸
echo ğŸ”„ Running E2E Tests...

where npx >nul 2>&1
if errorlevel 1 (
    echo âš ï¸ npx not found, skipping E2E tests
    goto :summary
)

echo Installing Playwright browsers...
call npx playwright install --with-deps

echo Starting servers and running E2E tests...
call npm run test:e2e
if errorlevel 1 (
    echo âŒ E2E tests failed
    set E2E_FAILED=1
) else (
    echo âœ… E2E tests passed
    set E2E_PASSED=1
)

:summary
echo ğŸ“Š Test Results Summary:
echo ========================

if defined BACKEND_PASSED (
    echo Backend Tests: âœ… PASSED
) else (
    echo Backend Tests: âŒ FAILED
)

if defined FRONTEND_PASSED (
    echo Frontend Tests: âœ… PASSED
) else (
    echo Frontend Tests: âŒ FAILED
)

if defined E2E_PASSED (
    echo E2E Tests: âœ… PASSED
) else if defined E2E_FAILED (
    echo E2E Tests: âŒ FAILED
) else (
    echo E2E Tests: âš ï¸ SKIPPED
)

echo ========================

REM ê²°ê³¼ íŒë‹¨
if defined BACKEND_PASSED if defined FRONTEND_PASSED if defined E2E_PASSED (
    echo ğŸ‰ All tests passed! Ready for deployment!
    exit /b 0
)

if defined BACKEND_FAILED if defined FRONTEND_FAILED (
    echo ğŸ’¥ Multiple test failures detected. Please fix before continuing.
    exit /b 1
)

echo âš ï¸ Some tests passed, but issues need attention
exit /b 1

:error
echo ğŸ’¥ Critical error occurred during setup
exit /b 1